# JRE version: Java(TM) SE Runtime Environment (8.0_333-b02) (build 1.8.0_333-b02)
# Java VM: Java HotSpot(TM) 64-Bit Server VM (25.333-b02 mixed mode windows-amd64 compressed oops)
Heap:
 garbage-first heap   total 7012352K, used 2152333K [0x0000000611000000, 0x0000000612000d60, 0x00000007c0000000)
  region size 16384K, 2 young (32768K), 1 survivors (16384K)
 Metaspace       used 153843K, capacity 157825K, committed 157952K, reserved 1181696K
  class space    used 25107K, capacity 26247K, committed 26368K, reserved 1048576K
GC Heap History (10 events):
Event: 204.640 GC heap before
{Heap before GC invocations=462 (full 0):
 garbage-first heap   total 7012352K, used 2148854K [0x0000000611000000, 0x0000000612000d60, 0x00000007c0000000)
  region size 16384K, 8 young (131072K), 1 survivors (16384K)
 Metaspace       used 153430K, capacity 157311K, committed 157568K, reserved 1181696K
  class space    used 25058K, capacity 26172K, committed 26240K, reserved 1048576K
Event: 204.670 GC heap after
Heap after GC invocations=463 (full 0):
 garbage-first heap   total 7012352K, used 2058605K [0x0000000611000000, 0x0000000612000d60, 0x00000007c0000000)
  region size 16384K, 1 young (16384K), 1 survivors (16384K)
 Metaspace       used 153430K, capacity 157311K, committed 157568K, reserved 1181696K
  class space    used 25058K, capacity 26172K, committed 26240K, reserved 1048576K
}
Event: 204.979 GC heap before
{Heap before GC invocations=463 (full 0):
 garbage-first heap   total 7012352K, used 2173293K [0x0000000611000000, 0x0000000612000d60, 0x00000007c0000000)
  region size 16384K, 8 young (131072K), 1 survivors (16384K)
 Metaspace       used 153462K, capacity 157379K, committed 157568K, reserved 1181696K
  class space    used 25061K, capacity 26172K, committed 26240K, reserved 1048576K
Event: 205.008 GC heap after
Heap after GC invocations=464 (full 0):
 garbage-first heap   total 7012352K, used 2077661K [0x0000000611000000, 0x0000000612000d60, 0x00000007c0000000)
  region size 16384K, 1 young (16384K), 1 survivors (16384K)
 Metaspace       used 153462K, capacity 157379K, committed 157568K, reserved 1181696K
  class space    used 25061K, capacity 26172K, committed 26240K, reserved 1048576K
}
Event: 205.355 GC heap before
{Heap before GC invocations=464 (full 0):
 garbage-first heap   total 7012352K, used 2192349K [0x0000000611000000, 0x0000000612000d60, 0x00000007c0000000)
  region size 16384K, 8 young (131072K), 1 survivors (16384K)
 Metaspace       used 153479K, capacity 157379K, committed 157568K, reserved 1181696K
  class space    used 25061K, capacity 26172K, committed 26240K, reserved 1048576K
Event: 205.384 GC heap after
Heap after GC invocations=465 (full 0):
 garbage-first heap   total 7012352K, used 2105935K [0x0000000611000000, 0x0000000612000d60, 0x00000007c0000000)
  region size 16384K, 1 young (16384K), 1 survivors (16384K)
 Metaspace       used 153479K, capacity 157379K, committed 157568K, reserved 1181696K
  class space    used 25061K, capacity 26172K, committed 26240K, reserved 1048576K
}
Event: 205.696 GC heap before
{Heap before GC invocations=465 (full 0):
 garbage-first heap   total 7012352K, used 2220623K [0x0000000611000000, 0x0000000612000d60, 0x00000007c0000000)
  region size 16384K, 8 young (131072K), 1 survivors (16384K)
 Metaspace       used 153516K, capacity 157397K, committed 157568K, reserved 1181696K
  class space    used 25066K, capacity 26173K, committed 26240K, reserved 1048576K
Event: 205.727 GC heap after
Heap after GC invocations=466 (full 0):
 garbage-first heap   total 7012352K, used 2125439K [0x0000000611000000, 0x0000000612000d60, 0x00000007c0000000)
  region size 16384K, 1 young (16384K), 1 survivors (16384K)
 Metaspace       used 153516K, capacity 157397K, committed 157568K, reserved 1181696K
  class space    used 25066K, capacity 26173K, committed 26240K, reserved 1048576K
}
Event: 206.182 GC heap before
{Heap before GC invocations=466 (full 0):
 garbage-first heap   total 7012352K, used 2240127K [0x0000000611000000, 0x0000000612000d60, 0x00000007c0000000)
  region size 16384K, 8 young (131072K), 1 survivors (16384K)
 Metaspace       used 153829K, capacity 157819K, committed 157952K, reserved 1181696K
  class space    used 25106K, capacity 26246K, committed 26368K, reserved 1048576K
Event: 206.206 GC heap after
Heap after GC invocations=467 (full 0):
 garbage-first heap   total 7012352K, used 2152333K [0x0000000611000000, 0x0000000612000d60, 0x00000007c0000000)
  region size 16384K, 1 young (16384K), 1 survivors (16384K)
 Metaspace       used 153829K, capacity 157819K, committed 157952K, reserved 1181696K
  class space    used 25106K, capacity 26246K, committed 26368K, reserved 1048576K
}

