# JRE version: Java(TM) SE Runtime Environment (8.0_333-b02) (build 1.8.0_333-b02)
# Java VM: Java HotSpot(TM) 64-Bit Server VM (25.333-b02 mixed mode windows-amd64 compressed oops)
Heap:
 garbage-first heap   total 6995968K, used 2087840K [0x0000000611000000, 0x0000000612000d58, 0x00000007c0000000)
  region size 16384K, 2 young (32768K), 1 survivors (16384K)
 Metaspace       used 153734K, capacity 157739K, committed 157952K, reserved 1181696K
  class space    used 25090K, capacity 26244K, committed 26368K, reserved 1048576K
GC Heap History (10 events):
Event: 196.462 GC heap before
{Heap before GC invocations=451 (full 0):
 garbage-first heap   total 6995968K, used 2133496K [0x0000000611000000, 0x0000000612000d58, 0x00000007c0000000)
  region size 16384K, 8 young (131072K), 1 survivors (16384K)
 Metaspace       used 152669K, capacity 156473K, committed 156672K, reserved 1179648K
  class space    used 24957K, capacity 26065K, committed 26112K, reserved 1048576K
Event: 196.477 GC heap after
Heap after GC invocations=452 (full 0):
 garbage-first heap   total 6995968K, used 2012526K [0x0000000611000000, 0x0000000612000d58, 0x00000007c0000000)
  region size 16384K, 1 young (16384K), 1 survivors (16384K)
 Metaspace       used 152669K, capacity 156473K, committed 156672K, reserved 1179648K
  class space    used 24957K, capacity 26065K, committed 26112K, reserved 1048576K
}
Event: 197.340 GC heap before
{Heap before GC invocations=452 (full 0):
 garbage-first heap   total 6995968K, used 2127214K [0x0000000611000000, 0x0000000612000d58, 0x00000007c0000000)
  region size 16384K, 8 young (131072K), 1 survivors (16384K)
 Metaspace       used 153312K, capacity 157101K, committed 157312K, reserved 1179648K
  class space    used 25041K, capacity 26137K, committed 26240K, reserved 1048576K
Event: 197.361 GC heap after
Heap after GC invocations=453 (full 0):
 garbage-first heap   total 6995968K, used 2025742K [0x0000000611000000, 0x0000000612000d58, 0x00000007c0000000)
  region size 16384K, 1 young (16384K), 1 survivors (16384K)
 Metaspace       used 153312K, capacity 157101K, committed 157312K, reserved 1179648K
  class space    used 25041K, capacity 26137K, committed 26240K, reserved 1048576K
}
Event: 197.984 GC heap before
{Heap before GC invocations=453 (full 0):
 garbage-first heap   total 6995968K, used 2140430K [0x0000000611000000, 0x0000000612000d58, 0x00000007c0000000)
  region size 16384K, 8 young (131072K), 1 survivors (16384K)
 Metaspace       used 153414K, capacity 157323K, committed 157568K, reserved 1181696K
  class space    used 25049K, capacity 26174K, committed 26240K, reserved 1048576K
Event: 198.011 GC heap after
Heap after GC invocations=454 (full 0):
 garbage-first heap   total 6995968K, used 2043983K [0x0000000611000000, 0x0000000612000d58, 0x00000007c0000000)
  region size 16384K, 1 young (16384K), 1 survivors (16384K)
 Metaspace       used 153414K, capacity 157323K, committed 157568K, reserved 1181696K
  class space    used 25049K, capacity 26174K, committed 26240K, reserved 1048576K
}
Event: 198.471 GC heap before
{Heap before GC invocations=454 (full 0):
 garbage-first heap   total 6995968K, used 2158671K [0x0000000611000000, 0x0000000612000d58, 0x00000007c0000000)
  region size 16384K, 8 young (131072K), 1 survivors (16384K)
 Metaspace       used 153443K, capacity 157327K, committed 157568K, reserved 1181696K
  class space    used 25051K, capacity 26174K, committed 26240K, reserved 1048576K
Event: 198.502 GC heap after
Heap after GC invocations=455 (full 0):
 garbage-first heap   total 6995968K, used 2069388K [0x0000000611000000, 0x0000000612000d58, 0x00000007c0000000)
  region size 16384K, 1 young (16384K), 1 survivors (16384K)
 Metaspace       used 153443K, capacity 157327K, committed 157568K, reserved 1181696K
  class space    used 25051K, capacity 26174K, committed 26240K, reserved 1048576K
}
Event: 199.133 GC heap before
{Heap before GC invocations=455 (full 0):
 garbage-first heap   total 6995968K, used 2184076K [0x0000000611000000, 0x0000000612000d58, 0x00000007c0000000)
  region size 16384K, 8 young (131072K), 1 survivors (16384K)
 Metaspace       used 153726K, capacity 157733K, committed 157952K, reserved 1181696K
  class space    used 25089K, capacity 26243K, committed 26368K, reserved 1048576K
Event: 199.156 GC heap after
Heap after GC invocations=456 (full 0):
 garbage-first heap   total 6995968K, used 2087840K [0x0000000611000000, 0x0000000612000d58, 0x00000007c0000000)
  region size 16384K, 1 young (16384K), 1 survivors (16384K)
 Metaspace       used 153726K, capacity 157733K, committed 157952K, reserved 1181696K
  class space    used 25089K, capacity 26243K, committed 26368K, reserved 1048576K
}

