# JRE version: Java(TM) SE Runtime Environment (8.0_341-b10) (build 1.8.0_341-b10)
# Java VM: Java HotSpot(TM) 64-Bit Server VM (25.341-b10 mixed mode windows-amd64 compressed oops)
Heap:
 garbage-first heap   total 6897664K, used 1275326K [0x0000000618000000, 0x0000000619000d28, 0x00000007c0000000)
  region size 16384K, 5 young (81920K), 1 survivors (16384K)
 Metaspace       used 208409K, capacity 213215K, committed 213380K, reserved 1224704K
  class space    used 36216K, capacity 37698K, committed 37764K, reserved 1048576K
GC Heap History (10 events):
Event: 233.523 GC heap before
{Heap before GC invocations=580 (full 0):
 garbage-first heap   total 6897664K, used 1333069K [0x0000000618000000, 0x0000000619000d28, 0x00000007c0000000)
  region size 16384K, 8 young (131072K), 1 survivors (16384K)
 Metaspace       used 206568K, capacity 211323K, committed 211588K, reserved 1222656K
  class space    used 35906K, capacity 37384K, committed 37508K, reserved 1048576K
Event: 233.539 GC heap after
Heap after GC invocations=581 (full 0):
 garbage-first heap   total 6897664K, used 1219137K [0x0000000618000000, 0x0000000619000d28, 0x00000007c0000000)
  region size 16384K, 1 young (16384K), 1 survivors (16384K)
 Metaspace       used 206568K, capacity 211323K, committed 211588K, reserved 1222656K
  class space    used 35906K, capacity 37384K, committed 37508K, reserved 1048576K
}
Event: 234.078 GC heap before
{Heap before GC invocations=581 (full 0):
 garbage-first heap   total 6897664K, used 1333825K [0x0000000618000000, 0x0000000619000d28, 0x00000007c0000000)
  region size 16384K, 8 young (131072K), 1 survivors (16384K)
 Metaspace       used 207083K, capacity 211847K, committed 212100K, reserved 1224704K
  class space    used 35978K, capacity 37450K, committed 37508K, reserved 1048576K
Event: 234.093 GC heap after
Heap after GC invocations=582 (full 0):
 garbage-first heap   total 6897664K, used 1223943K [0x0000000618000000, 0x0000000619000d28, 0x00000007c0000000)
  region size 16384K, 1 young (16384K), 1 survivors (16384K)
 Metaspace       used 207083K, capacity 211847K, committed 212100K, reserved 1224704K
  class space    used 35978K, capacity 37450K, committed 37508K, reserved 1048576K
}
Event: 234.745 GC heap before
{Heap before GC invocations=582 (full 0):
 garbage-first heap   total 6897664K, used 1338631K [0x0000000618000000, 0x0000000619000d28, 0x00000007c0000000)
  region size 16384K, 8 young (131072K), 1 survivors (16384K)
 Metaspace       used 207440K, capacity 212259K, committed 212356K, reserved 1224704K
  class space    used 36033K, capacity 37496K, committed 37508K, reserved 1048576K
Event: 234.760 GC heap after
Heap after GC invocations=583 (full 0):
 garbage-first heap   total 6897664K, used 1225385K [0x0000000618000000, 0x0000000619000d28, 0x00000007c0000000)
  region size 16384K, 1 young (16384K), 1 survivors (16384K)
 Metaspace       used 207440K, capacity 212259K, committed 212356K, reserved 1224704K
  class space    used 36033K, capacity 37496K, committed 37508K, reserved 1048576K
}
Event: 235.149 GC heap before
{Heap before GC invocations=583 (full 0):
 garbage-first heap   total 6897664K, used 1340073K [0x0000000618000000, 0x0000000619000d28, 0x00000007c0000000)
  region size 16384K, 8 young (131072K), 1 survivors (16384K)
 Metaspace       used 207715K, capacity 212527K, committed 212740K, reserved 1224704K
  class space    used 36096K, capacity 37562K, committed 37636K, reserved 1048576K
Event: 235.163 GC heap after
Heap after GC invocations=584 (full 0):
 garbage-first heap   total 6897664K, used 1225744K [0x0000000618000000, 0x0000000619000d28, 0x00000007c0000000)
  region size 16384K, 1 young (16384K), 1 survivors (16384K)
 Metaspace       used 207715K, capacity 212527K, committed 212740K, reserved 1224704K
  class space    used 36096K, capacity 37562K, committed 37636K, reserved 1048576K
}
Event: 235.498 GC heap before
{Heap before GC invocations=584 (full 0):
 garbage-first heap   total 6897664K, used 1340432K [0x0000000618000000, 0x0000000619000d28, 0x00000007c0000000)
  region size 16384K, 8 young (131072K), 1 survivors (16384K)
 Metaspace       used 208126K, capacity 212923K, committed 212996K, reserved 1224704K
  class space    used 36170K, capacity 37628K, committed 37636K, reserved 1048576K
Event: 235.511 GC heap after
Heap after GC invocations=585 (full 0):
 garbage-first heap   total 6897664K, used 1226174K [0x0000000618000000, 0x0000000619000d28, 0x00000007c0000000)
  region size 16384K, 1 young (16384K), 1 survivors (16384K)
 Metaspace       used 208126K, capacity 212923K, committed 212996K, reserved 1224704K
  class space    used 36170K, capacity 37628K, committed 37636K, reserved 1048576K
}

